<?xml version="1.0" encoding="UTF-8"?>
<!-- Generated by org.testng.reporters.JUnitXMLReporter -->
<testsuite ignored="0" hostname="DESKTOP-SGOLO4O" failures="0" tests="5" name="AddCustomerTest" time="22.352" errors="0" timestamp="12 Oct 2023 19:07:13 GMT">
  <testcase classname="com.liveproject1.testcases.AddCustomerTest" name="AddCustomerTest" time="4.403"/>
  <testcase classname="com.liveproject1.testcases.AddCustomerTest" name="AddCustomerTest" time="4.45"/>
  <testcase classname="com.liveproject1.testcases.AddCustomerTest" name="AddCustomerTest" time="4.465"/>
  <testcase classname="com.liveproject1.testcases.AddCustomerTest" name="AddCustomerTest" time="4.443"/>
  <testcase classname="com.liveproject1.testcases.AddCustomerTest" name="AddCustomerTest" time="4.447"/>
</testsuite> <!-- AddCustomerTest -->
