<?xml version="1.0" encoding="UTF-8"?>
<testng-results ignored="0" total="7" passed="7" failed="0" skipped="0">
  <reporter-output>
  </reporter-output>
  <suite started-at="2023-10-12T19:06:50Z" name="Data Driven Basics" finished-at="2023-10-12T19:07:16Z" duration-ms="25834">
    <groups>
    </groups>
    <test started-at="2023-10-12T19:06:50Z" name="LoginTest" finished-at="2023-10-12T19:06:51Z" duration-ms="530">
      <class name="com.liveproject1.testcases.LoginTest">
        <test-method signature="LoginTest()[pri:0, instance:com.liveproject1.testcases.LoginTest@4de41af9]" started-at="2023-10-12T19:06:50Z" name="LoginTest" finished-at="2023-10-12T19:06:51Z" duration-ms="281" status="PASS">
          <reporter-output>
          </reporter-output>
        </test-method> <!-- LoginTest -->
      </class> <!-- com.liveproject1.testcases.LoginTest -->
    </test> <!-- LoginTest -->
    <test started-at="2023-10-12T19:06:51Z" name="AddCustomerTest" finished-at="2023-10-12T19:07:13Z" duration-ms="22352">
      <class name="com.liveproject1.testcases.AddCustomerTest">
        <test-method signature="AddCustomerTest(java.lang.String, java.lang.String, java.lang.String)[pri:0, instance:com.liveproject1.testcases.AddCustomerTest@4d098f9b]" started-at="2023-10-12T19:06:51Z" name="AddCustomerTest" data-provider="getData" finished-at="2023-10-12T19:06:55Z" duration-ms="4403" status="PASS">
          <params>
            <param index="0">
              <value>
                <![CDATA[Raman]]>
              </value>
            </param>
            <param index="1">
              <value>
                <![CDATA[Arrora]]>
              </value>
            </param>
            <param index="2">
              <value>
                <![CDATA[A234wd]]>
              </value>
            </param>
          </params>
          <reporter-output>
          </reporter-output>
        </test-method> <!-- AddCustomerTest -->
        <test-method signature="AddCustomerTest(java.lang.String, java.lang.String, java.lang.String)[pri:0, instance:com.liveproject1.testcases.AddCustomerTest@4d098f9b]" started-at="2023-10-12T19:06:55Z" name="AddCustomerTest" data-provider="getData" finished-at="2023-10-12T19:07:00Z" duration-ms="4450" status="PASS">
          <params>
            <param index="0">
              <value>
                <![CDATA[Divya]]>
              </value>
            </param>
            <param index="1">
              <value>
                <![CDATA[Arrora]]>
              </value>
            </param>
            <param index="2">
              <value>
                <![CDATA[A234wd]]>
              </value>
            </param>
          </params>
          <reporter-output>
          </reporter-output>
        </test-method> <!-- AddCustomerTest -->
        <test-method signature="AddCustomerTest(java.lang.String, java.lang.String, java.lang.String)[pri:0, instance:com.liveproject1.testcases.AddCustomerTest@4d098f9b]" started-at="2023-10-12T19:07:00Z" name="AddCustomerTest" data-provider="getData" finished-at="2023-10-12T19:07:04Z" duration-ms="4465" status="PASS">
          <params>
            <param index="0">
              <value>
                <![CDATA[Max]]>
              </value>
            </param>
            <param index="1">
              <value>
                <![CDATA[Arrora]]>
              </value>
            </param>
            <param index="2">
              <value>
                <![CDATA[A234wd]]>
              </value>
            </param>
          </params>
          <reporter-output>
          </reporter-output>
        </test-method> <!-- AddCustomerTest -->
        <test-method signature="AddCustomerTest(java.lang.String, java.lang.String, java.lang.String)[pri:0, instance:com.liveproject1.testcases.AddCustomerTest@4d098f9b]" started-at="2023-10-12T19:07:04Z" name="AddCustomerTest" data-provider="getData" finished-at="2023-10-12T19:07:09Z" duration-ms="4443" status="PASS">
          <params>
            <param index="0">
              <value>
                <![CDATA[Joe]]>
              </value>
            </param>
            <param index="1">
              <value>
                <![CDATA[Arrora]]>
              </value>
            </param>
            <param index="2">
              <value>
                <![CDATA[A234wd]]>
              </value>
            </param>
          </params>
          <reporter-output>
          </reporter-output>
        </test-method> <!-- AddCustomerTest -->
        <test-method signature="AddCustomerTest(java.lang.String, java.lang.String, java.lang.String)[pri:0, instance:com.liveproject1.testcases.AddCustomerTest@4d098f9b]" started-at="2023-10-12T19:07:09Z" name="AddCustomerTest" data-provider="getData" finished-at="2023-10-12T19:07:13Z" duration-ms="4447" status="PASS">
          <params>
            <param index="0">
              <value>
                <![CDATA[Harry]]>
              </value>
            </param>
            <param index="1">
              <value>
                <![CDATA[Arrora]]>
              </value>
            </param>
            <param index="2">
              <value>
                <![CDATA[A234wd]]>
              </value>
            </param>
          </params>
          <reporter-output>
          </reporter-output>
        </test-method> <!-- AddCustomerTest -->
      </class> <!-- com.liveproject1.testcases.AddCustomerTest -->
    </test> <!-- AddCustomerTest -->
    <test started-at="2023-10-12T19:07:13Z" name="OpenAccountTest" finished-at="2023-10-12T19:07:16Z" duration-ms="2923">
      <class name="com.liveproject1.testcases.OpenAccountTest">
        <test-method is-config="true" signature="setup()[pri:0, instance:com.liveproject1.testcases.OpenAccountTest@47dbb1e2]" started-at="2023-10-12T19:06:31Z" name="setup" finished-at="2023-10-12T19:06:50Z" duration-ms="18916" status="PASS">
          <reporter-output>
          </reporter-output>
        </test-method> <!-- setup -->
        <test-method signature="OpenAccountTest(java.lang.String, java.lang.String)[pri:0, instance:com.liveproject1.testcases.OpenAccountTest@47dbb1e2]" started-at="2023-10-12T19:07:13Z" name="OpenAccountTest" data-provider="dp" finished-at="2023-10-12T19:07:16Z" duration-ms="2897" status="PASS">
          <params>
            <param index="0">
              <value>
                <![CDATA[Raman Arrora]]>
              </value>
            </param>
            <param index="1">
              <value>
                <![CDATA[Rupee]]>
              </value>
            </param>
          </params>
          <reporter-output>
          </reporter-output>
        </test-method> <!-- OpenAccountTest -->
        <test-method is-config="true" signature="tearDown()[pri:0, instance:com.liveproject1.testcases.OpenAccountTest@47dbb1e2]" started-at="2023-10-12T19:07:16Z" name="tearDown" finished-at="2023-10-12T19:07:17Z" duration-ms="1265" status="PASS">
          <reporter-output>
          </reporter-output>
        </test-method> <!-- tearDown -->
      </class> <!-- com.liveproject1.testcases.OpenAccountTest -->
    </test> <!-- OpenAccountTest -->
  </suite> <!-- Data Driven Basics -->
</testng-results>
