<?xml version="1.0" encoding="UTF-8"?>
<testsuite xmlns:xsi="http://www.w3.org/2001/XMLSchema-instance" xsi:noNamespaceSchemaLocation="https://maven.apache.org/surefire/maven-surefire-plugin/xsd/surefire-test-report-3.0.xsd" version="3.0" name="TestSuite" time="47.254" tests="7" errors="0" skipped="0" failures="0">
  <properties>
[...]
</properties>
  <testcase name="LoginTest" classname="com.liveproject1.testcases.LoginTest" time="0.51">
    <system-err><![CDATA[log4j:WARN No appenders could be found for logger (devpinoylogger).
log4j:WARN Please initialize the log4j system properly.
log4j:WARN See http://logging.apache.org/log4j/1.2/faq.html#noconfig for more info.
1697137592337	geckodriver	INFO	Listening on 127.0.0.1:44008
1697137592541	mozrunner::runner	INFO	Running command: "C:\\Program Files\\Mozilla Firefox\\firefox.exe" "--marionette" "-no-remote" "-profile" "C:\\Users\\bunti\\AppData\\Local\\Temp\\rust_mozprofile8nYIT8"
console.warn: services.settings: Ignoring preference override of remote settings server
console.warn: services.settings: Allow by setting MOZ_REMOTE_SETTINGS_DEVTOOLS=1 in the environment
1697137593209	Marionette	INFO	Marionette enabled
Dynamically enable window occlusion 0
1697137593946	Marionette	INFO	Listening on port 62678
Read port: 62678
1697137594286	RemoteAgent	WARN	TLS certificate errors will be ignored for this session
Oct 13, 2023 12:36:36 AM org.openqa.selenium.remote.ProtocolHandshake createSession
INFO: Detected dialect: W3C
]]></system-err>
  </testcase>
  <testcase name="AddCustomerTest[Raman, Arrora, A234wd](1)" classname="com.liveproject1.testcases.AddCustomerTest" time="4.435">
    <system-out><![CDATA[PASSED: LoginTest

===============================================
    LoginTest
    Tests run: 1, Failures: 0, Skips: 0
===============================================

]]></system-out>
    <system-err><![CDATA[console.warn: LoginRecipes: "Falling back to a synchronous message for: https://www.way2automation.com."
]]></system-err>
  </testcase>
  <testcase name="AddCustomerTest[Divya, Arrora, A234wd](2)" classname="com.liveproject1.testcases.AddCustomerTest" time="4.476">
    <system-err><![CDATA[console.warn: LoginRecipes: "Falling back to a synchronous message for: https://www.way2automation.com."
]]></system-err>
  </testcase>
  <testcase name="AddCustomerTest[Max, Arrora, A234wd](3)" classname="com.liveproject1.testcases.AddCustomerTest" time="4.491">
    <system-err><![CDATA[console.warn: LoginRecipes: "Falling back to a synchronous message for: https://www.way2automation.com."
]]></system-err>
  </testcase>
  <testcase name="AddCustomerTest[Joe, Arrora, A234wd](4)" classname="com.liveproject1.testcases.AddCustomerTest" time="4.466">
    <system-err><![CDATA[console.warn: LoginRecipes: "Falling back to a synchronous message for: https://www.way2automation.com."
]]></system-err>
  </testcase>
  <testcase name="AddCustomerTest[Harry, Arrora, A234wd](5)" classname="com.liveproject1.testcases.AddCustomerTest" time="4.472">
    <system-err><![CDATA[console.warn: LoginRecipes: "Falling back to a synchronous message for: https://www.way2automation.com."
]]></system-err>
  </testcase>
  <testcase name="OpenAccountTest[Raman Arrora, Rupee](1)" classname="com.liveproject1.testcases.OpenAccountTest" time="2.92">
    <system-out><![CDATA[PASSED: AddCustomerTest("Raman", "Arrora", "A234wd")
PASSED: AddCustomerTest("Divya", "Arrora", "A234wd")
PASSED: AddCustomerTest("Max", "Arrora", "A234wd")
PASSED: AddCustomerTest("Joe", "Arrora", "A234wd")
PASSED: AddCustomerTest("Harry", "Arrora", "A234wd")

===============================================
    AddCustomerTest
    Tests run: 5, Failures: 0, Skips: 0
===============================================

]]></system-out>
    <system-err><![CDATA[console.warn: LoginRecipes: "Falling back to a synchronous message for: https://www.way2automation.com."
]]></system-err>
  </testcase>
</testsuite>