<?xml version="1.0" encoding="UTF-8"?>
<testsuite name="AddCustomerTest"
           tests="5"
           failures="0"
           errors="0"
           skipped="0"
           time="22.110">
  <properties />
  
  
            <testcase name="AddCustomerTest" time="4.422" classname="com.liveproject1.testcases.AddCustomerTest" />
                <testcase name="AddCustomerTest" time="4.347" classname="com.liveproject1.testcases.AddCustomerTest" />
                <testcase name="AddCustomerTest" time="4.444" classname="com.liveproject1.testcases.AddCustomerTest" />
                <testcase name="AddCustomerTest" time="4.443" classname="com.liveproject1.testcases.AddCustomerTest" />
                <testcase name="AddCustomerTest" time="4.454" classname="com.liveproject1.testcases.AddCustomerTest" />
      
</testsuite>
